<?xml version="1.0" encoding="UTF-8"?>
<testng-results skipped="0" failed="1" ignored="0" total="1" passed="0">
  <reporter-output>
    <line>
      <![CDATA[invalid page test started]]>
    </line>
    <line>
      <![CDATA[title is not matching and the Expected title is:Robin]]>
    </line>
    <line>
      <![CDATA[Actual title is CawiBot - Luminous]]>
    </line>
    <line>
      <![CDATA[failed method testInvalidPage]]>
    </line>
  </reporter-output>
  <suite name="Default suite" duration-ms="18061" started-at="2019-06-12T07:03:48Z" finished-at="2019-06-12T07:04:06Z">
    <groups>
    </groups>
    <test name="Default test" duration-ms="18061" started-at="2019-06-12T07:03:48Z" finished-at="2019-06-12T07:04:06Z">
      <class name="com.cawi.tests.invalidPageTest">
        <test-method status="PASS" signature="precondition()[pri:0, instance:com.cawi.tests.invalidPageTest@7d9d1a19]" name="precondition" is-config="true" duration-ms="5977" started-at="2019-06-12T07:03:48Z" finished-at="2019-06-12T07:03:54Z">
          <reporter-output>
          </reporter-output>
        </test-method> <!-- precondition -->
        <test-method status="FAIL" signature="testInvalidPage()[pri:3, instance:com.cawi.tests.invalidPageTest@7d9d1a19]" name="testInvalidPage" duration-ms="11044" started-at="2019-06-12T07:03:54Z" finished-at="2019-06-12T07:04:05Z">
          <exception class="java.lang.AssertionError">
            <message>
              <![CDATA[null]]>
            </message>
            <full-stacktrace>
              <![CDATA[java.lang.AssertionError: null
at org.testng.Assert.fail(Assert.java:96)
at org.testng.Assert.fail(Assert.java:103)
at com.cawi.generic.basePage.verifyTitle(basePage.java:29)
at com.cawi.pages.loginPage.verifyPage(loginPage.java:80)
at com.cawi.tests.invalidPageTest.testInvalidPage(invalidPageTest.java:23)
at sun.reflect.NativeMethodAccessorImpl.invoke0(Native Method)
at sun.reflect.NativeMethodAccessorImpl.invoke(NativeMethodAccessorImpl.java:62)
at sun.reflect.DelegatingMethodAccessorImpl.invoke(DelegatingMethodAccessorImpl.java:43)
at java.lang.reflect.Method.invoke(Method.java:498)
at org.testng.internal.MethodInvocationHelper.invokeMethod(MethodInvocationHelper.java:124)
at org.testng.internal.Invoker.invokeMethod(Invoker.java:580)
at org.testng.internal.Invoker.invokeTestMethod(Invoker.java:716)
at org.testng.internal.Invoker.invokeTestMethods(Invoker.java:988)
at org.testng.internal.TestMethodWorker.invokeTestMethods(TestMethodWorker.java:125)
at org.testng.internal.TestMethodWorker.run(TestMethodWorker.java:109)
at org.testng.TestRunner.privateRun(TestRunner.java:648)
at org.testng.TestRunner.run(TestRunner.java:505)
at org.testng.SuiteRunner.runTest(SuiteRunner.java:455)
at org.testng.SuiteRunner.runSequentially(SuiteRunner.java:450)
at org.testng.SuiteRunner.privateRun(SuiteRunner.java:415)
at org.testng.SuiteRunner.run(SuiteRunner.java:364)
at org.testng.SuiteRunnerWorker.runSuite(SuiteRunnerWorker.java:52)
at org.testng.SuiteRunnerWorker.run(SuiteRunnerWorker.java:84)
at org.testng.TestNG.runSuitesSequentially(TestNG.java:1208)
at org.testng.TestNG.runSuitesLocally(TestNG.java:1137)
at org.testng.TestNG.runSuites(TestNG.java:1049)
at org.testng.TestNG.run(TestNG.java:1017)
at org.testng.remote.AbstractRemoteTestNG.run(AbstractRemoteTestNG.java:114)
at org.testng.remote.RemoteTestNG.initAndRun(RemoteTestNG.java:251)
at org.testng.remote.RemoteTestNG.main(RemoteTestNG.java:77)
]]>
            </full-stacktrace>
          </exception> <!-- java.lang.AssertionError -->
          <reporter-output>
            <line>
              <![CDATA[invalid page test started]]>
            </line>
            <line>
              <![CDATA[title is not matching and the Expected title is:Robin]]>
            </line>
            <line>
              <![CDATA[Actual title is CawiBot - Luminous]]>
            </line>
          </reporter-output>
        </test-method> <!-- testInvalidPage -->
        <test-method status="PASS" signature="postcondition(org.testng.ITestResult)[pri:0, instance:com.cawi.tests.invalidPageTest@7d9d1a19]" name="postcondition" is-config="true" duration-ms="981" started-at="2019-06-12T07:04:05Z" finished-at="2019-06-12T07:04:06Z">
          <params>
            <param index="0">
              <value>
                <![CDATA[[TestResult name=testInvalidPage status=FAILURE method=invalidPageTest.testInvalidPage()[pri:3, instance:com.cawi.tests.invalidPageTest@7d9d1a19] output=invalid page test started]]]>
              </value>
            </param>
          </params>
          <reporter-output>
            <line>
              <![CDATA[failed method testInvalidPage]]>
            </line>
          </reporter-output>
        </test-method> <!-- postcondition -->
      </class> <!-- com.cawi.tests.invalidPageTest -->
    </test> <!-- Default test -->
  </suite> <!-- Default suite -->
</testng-results>
